<?xml version="1.0" encoding="UTF-8"?>
<!-- Generated by org.testng.reporters.JUnitReportReporter -->
<testsuite hostname="LAPTOP-ASNQB8V8" name="com.functionalTestSuite.TwoWayJourney" tests="1" failures="0" timestamp="12 Oct 2016 08:57:31 GMT" time="0.017" errors="0">
  <testcase name="check" time="0.017" classname="com.functionalTestSuite.TwoWayJourney"/>
</testsuite> <!-- com.functionalTestSuite.TwoWayJourney -->
