<?xml version="1.0" encoding="UTF-8"?>
<!-- Generated by org.testng.reporters.JUnitReportReporter -->
<testsuite hostname="LAPTOP-ASNQB8V8" name="com.functionalTestSuite.TwoWayJourney" tests="1" failures="0" timestamp="12 Oct 2016 19:30:45 GMT" time="0.005" errors="0">
  <testcase name="check" time="0.005" classname="com.functionalTestSuite.TwoWayJourney"/>
</testsuite> <!-- com.functionalTestSuite.TwoWayJourney -->
